\BOOKMARK [1][-]{section.1}{\376\377\000I\000n\000t\000r\000o\000d\000u\000c\000c\000i\000\363\000n}{}% 1
\BOOKMARK [1][-]{section.2}{\376\377\000M\000a\000r\000c\000o\000\040\000T\000e\000\363\000r\000i\000c\000o}{}% 2
\BOOKMARK [2][-]{subsection.2.1}{\376\377\000M\000o\000d\000e\000l\000o\000\040\000N\000o\000r\000m\000a\000l}{section.2}% 3
\BOOKMARK [3][-]{subsubsection.2.1.1}{\376\377\000D\000e\000f\000i\000n\000i\000c\000i\000\363\000n}{subsection.2.1}% 4
\BOOKMARK [3][-]{subsubsection.2.1.2}{\376\377\000F\000u\000n\000c\000i\000\363\000n\000\040\000g\000e\000n\000e\000r\000a\000d\000o\000r\000a\000\040\000d\000e\000\040\000m\000o\000m\000e\000n\000t\000o\000s}{subsection.2.1}% 5
\BOOKMARK [3][-]{subsubsection.2.1.3}{\376\377\000D\000i\000s\000t\000r\000i\000b\000u\000c\000i\000\363\000n\000\040\000n\000o\000r\000m\000a\000l\000\040\000e\000s\000t\000a\000n\000d\000a\000r}{subsection.2.1}% 6
\BOOKMARK [2][-]{subsection.2.2}{\376\377\000M\000o\000d\000e\000l\000o\000\040\000S\000k\000e\000w\000-\000N\000o\000r\000m\000a\000l}{section.2}% 7
\BOOKMARK [3][-]{subsubsection.2.2.1}{\376\377\000D\000e\000f\000i\000n\000i\000c\000i\000\363\000n}{subsection.2.2}% 8
\BOOKMARK [3][-]{subsubsection.2.2.2}{\376\377\000F\000u\000n\000c\000i\000\363\000n\000\040\000g\000e\000n\000e\000r\000a\000d\000o\000r\000a\000\040\000d\000e\000\040\000m\000o\000m\000e\000n\000t\000o\000s}{subsection.2.2}% 9
\BOOKMARK [3][-]{subsubsection.2.2.3}{\376\377\000A\000s\000i\000m\000e\000t\000r\000\355\000a}{subsection.2.2}% 10
\BOOKMARK [3][-]{subsubsection.2.2.4}{\376\377\000K\000u\000r\000t\000o\000s\000i\000s}{subsection.2.2}% 11
\BOOKMARK [2][-]{subsection.2.3}{\376\377\000M\000o\000d\000e\000l\000o\000\040\000t}{section.2}% 12
\BOOKMARK [3][-]{subsubsection.2.3.1}{\376\377\000D\000e\000f\000i\000n\000i\000c\000i\000\363\000n}{subsection.2.3}% 13
\BOOKMARK [3][-]{subsubsection.2.3.2}{\376\377\000R\000e\000l\000a\000c\000i\000\363\000n\000\040\000M\000o\000d\000e\000l\000o\000\040\000t}{subsection.2.3}% 14
\BOOKMARK [2][-]{subsection.2.4}{\376\377\000M\000o\000d\000e\000l\000o\000\040\000S\000k\000e\000w\000-\000t}{section.2}% 15
\BOOKMARK [3][-]{subsubsection.2.4.1}{\376\377\000D\000e\000f\000i\000n\000i\000c\000i\000\363\000n}{subsection.2.4}% 16
\BOOKMARK [3][-]{subsubsection.2.4.2}{\376\377\000M\000o\000m\000e\000n\000t\000o\000s}{subsection.2.4}% 17
\BOOKMARK [2][-]{subsection.2.5}{\376\377\000L\000a\000\040\000f\000u\000n\000c\000i\000\363\000n\000\040\000l\000o\000g\000-\000v\000e\000r\000o\000s\000i\000m\000i\000l\000i\000t\000u\000d}{section.2}% 18
\BOOKMARK [1][-]{section.3}{\376\377\000D\000e\000s\000a\000r\000r\000o\000l\000l\000o}{}% 19
\BOOKMARK [2][-]{subsection.3.1}{\376\377\000A\000v\000a\000n\000c\000e\000\040\000t\000e\000\363\000r\000i\000c\000o\000\040\000e\000n\000\040\000l\000a\000s\000\040\000d\000i\000s\000t\000r\000i\000b\000u\000c\000i\000o\000n\000e\000s\000\040\000S\000k\000e\000w}{section.3}% 20
\BOOKMARK [2][-]{subsection.3.2}{\376\377\000A\000p\000l\000i\000c\000a\000c\000i\000\363\000n}{section.3}% 21
\BOOKMARK [3][-]{subsubsection.3.2.1}{\376\377\000P\000r\000o\000g\000r\000a\000m\000a\000c\000i\000\363\000n\000\040\000d\000i\000s\000t\000r\000i\000b\000u\000c\000i\000\363\000n\000\040\000S\000k\000e\000w\000-\000N\000o\000r\000m\000a\000l}{subsection.3.2}% 22
\BOOKMARK [3][-]{subsubsection.3.2.2}{\376\377\000L\000i\000b\000r\000e\000r\000i\000a\000\040\000s\000n}{subsection.3.2}% 23
\BOOKMARK [3][-]{subsubsection.3.2.3}{\376\377\000R\000e\000g\000r\000e\000s\000i\000\363\000n\000\040\000l\000i\000n\000e\000a\000l}{subsection.3.2}% 24
\BOOKMARK [1][-]{section.4}{\376\377\000C\000o\000n\000c\000l\000u\000s\000i\000o\000n\000e\000s}{}% 25
\BOOKMARK [1][-]{section*.1}{\376\377\000B\000i\000b\000l\000i\000o\000g\000r\000a\000f\000i\000a}{}% 26
